2023-09-08 06:00:00 LOG START
2023-09-08 06:00:05 Crew muster: All accounted for
2023-09-08 06:00:15 Reactor status: Stable
2023-09-08 06:01:00 Start daily systems diagnostics
2023-09-08 06:10:00 Diagnostics complete: All systems nominal
2023-09-08 06:15:00 Start daily maintenance tasks
2023-09-08 06:45:00 Maintenance complete
2023-09-08 06:55:00 Depth: 150 meters
2023-09-08 07:00:00 Course: 270 degrees
2023-09-08 07:15:00 Speed: 15 knots
2023-09-08 08:00:00 Radio check: Good
2023-09-08 09:00:00 Sonar check: Good
2023-09-08 10:00:00 Safety drills commence
2023-09-08 10:45:00 Safety drills complete
2023-09-08 11:00:00 Lunch served
2023-09-08 12:00:00 Depth: 200 meters
2023-09-08 12:30:00 Course correction: 290 degrees
2023-09-08 13:00:00 Speed: 18 knots
2023-09-08 14:00:00 Radio check: Good
2023-09-08 14:30:00 Sonar contact: Unidentified
2023-09-08 14:35:00 Sonar contact: Identified as marine life
2023-09-08 15:00:00 Depth: 250 meters
2023-09-08 16:00:00 Course correction: 310 degrees
2023-09-08 16:30:00 Speed: 20 knots
2023-09-08 17:00:00 Radio check: Good
2023-09-08 18:00:00 Dinner served
2023-09-08 19:00:00 Sonar check: Good
2023-09-08 19:30:00 Depth: 300 meters
2023-09-08 20:00:00 Course: 330 degrees
2023-09-08 20:30:00 Speed: 15 knots
2023-09-08 21:00:00 Radio check: Good
2023-09-08 21:30:00 Sonar contact: Unidentified
2023-09-08 21:35:00 Sonar contact: Identified as commercial vessel
2023-09-08 22:00:00 Course correction: 350 degrees
2023-09-08 22:30:00 Speed: 10 knots
2023-09-08 23:00:00 Depth: 150 meters
2023-09-08 23:30:00 Radio check: Good
2023-09-08 23:59:59 LOG END

Notes:

1. All systems operated within normal parameters throughout the shift.
2. Crew performed their duties diligently, no incidents reported.
3. Two sonar contacts were successfully identified; no threats perceived.
4. Safety drills were conducted efficiently, with all crew demonstrating good knowledge of protocols.
5. Course corrections were executed smoothly, maintaining planned trajectory.

End of Log for September 8, 2023.
